# JRE version: OpenJDK Runtime Environment Temurin-21.0.10+7 (21.0.10+7) (build 21.0.10+7-LTS)
# Java VM: OpenJDK 64-Bit Server VM Temurin-21.0.10+7 (21.0.10+7-LTS, mixed mode, sharing, tiered, compressed oops, compressed class ptrs, parallel gc, windows-amd64)
GC Precious Log:
 CardTable entry size: 512
 CPUs: 4 total, 4 available
 Memory: 12153M
 Large Page Support: Disabled
 NUMA Support: Disabled
 Compressed Oops: Enabled (32-bit)
 Alignments: Space 512K, Generation 512K, Heap 2M
 Heap Min Capacity: 100M
 Heap Initial Capacity: 100M
 Heap Max Capacity: 2G
 Pre-touch: Disabled
 Parallel Workers: 4
Heap:
 PSYoungGen      total 20480K, used 5490K [0x00000000d5580000, 0x00000000d6b80000, 0x0000000100000000)
  eden space 19968K, 27% used [0x00000000d5580000,0x00000000d5adca00,0x00000000d6900000)
  from space 512K, 0% used [0x00000000d6b00000,0x00000000d6b00000,0x00000000d6b80000)
  to   space 1024K, 0% used [0x00000000d6980000,0x00000000d6980000,0x00000000d6a80000)
 ParOldGen       total 68608K, used 41746K [0x0000000080000000, 0x0000000084300000, 0x00000000d5580000)
  object space 68608K, 60% used [0x0000000080000000,0x00000000828c48f0,0x0000000084300000)
 Metaspace       used 58939K, committed 60032K, reserved 1114112K
  class space    used 6370K, committed 6848K, reserved 1048576K
GC Heap History (20 events):
Event: 45.528 GC heap after
{Heap after GC invocations=31 (full 2):
 PSYoungGen      total 24064K, used 2016K [0x00000000d5580000, 0x00000000d7100000, 0x0000000100000000)
  eden space 22016K, 0% used [0x00000000d5580000,0x00000000d5580000,0x00000000d6b00000)
  from space 2048K, 98% used [0x00000000d6b00000,0x00000000d6cf8010,0x00000000d6d00000)
  to   space 3072K, 0% used [0x00000000d6e00000,0x00000000d6e00000,0x00000000d7100000)
 ParOldGen       total 68608K, used 38629K [0x0000000080000000, 0x0000000084300000, 0x00000000d5580000)
  object space 68608K, 56% used [0x0000000080000000,0x00000000825b9770,0x0000000084300000)
 Metaspace       used 53023K, committed 54208K, reserved 1114112K
  class space    used 5758K, committed 6272K, reserved 1048576K
}
Event: 45.828 GC heap before
{Heap before GC invocations=32 (full 2):
 PSYoungGen      total 24064K, used 24032K [0x00000000d5580000, 0x00000000d7100000, 0x0000000100000000)
  eden space 22016K, 100% used [0x00000000d5580000,0x00000000d6b00000,0x00000000d6b00000)
  from space 2048K, 98% used [0x00000000d6b00000,0x00000000d6cf8010,0x00000000d6d00000)
  to   space 3072K, 0% used [0x00000000d6e00000,0x00000000d6e00000,0x00000000d7100000)
 ParOldGen       total 68608K, used 38629K [0x0000000080000000, 0x0000000084300000, 0x00000000d5580000)
  object space 68608K, 56% used [0x0000000080000000,0x00000000825b9770,0x0000000084300000)
 Metaspace       used 53037K, committed 54208K, reserved 1114112K
  class space    used 5758K, committed 6272K, reserved 1048576K
}
Event: 45.840 GC heap after
{Heap after GC invocations=32 (full 2):
 PSYoungGen      total 24576K, used 2212K [0x00000000d5580000, 0x00000000d7080000, 0x0000000100000000)
  eden space 22016K, 0% used [0x00000000d5580000,0x00000000d5580000,0x00000000d6b00000)
  from space 2560K, 86% used [0x00000000d6e00000,0x00000000d7029000,0x00000000d7080000)
  to   space 2560K, 0% used [0x00000000d6b80000,0x00000000d6b80000,0x00000000d6e00000)
 ParOldGen       total 68608K, used 40605K [0x0000000080000000, 0x0000000084300000, 0x00000000d5580000)
  object space 68608K, 59% used [0x0000000080000000,0x00000000827a7780,0x0000000084300000)
 Metaspace       used 53037K, committed 54208K, reserved 1114112K
  class space    used 5758K, committed 6272K, reserved 1048576K
}
Event: 46.103 GC heap before
{Heap before GC invocations=33 (full 2):
 PSYoungGen      total 24576K, used 24228K [0x00000000d5580000, 0x00000000d7080000, 0x0000000100000000)
  eden space 22016K, 100% used [0x00000000d5580000,0x00000000d6b00000,0x00000000d6b00000)
  from space 2560K, 86% used [0x00000000d6e00000,0x00000000d7029000,0x00000000d7080000)
  to   space 2560K, 0% used [0x00000000d6b80000,0x00000000d6b80000,0x00000000d6e00000)
 ParOldGen       total 68608K, used 40605K [0x0000000080000000, 0x0000000084300000, 0x00000000d5580000)
  object space 68608K, 59% used [0x0000000080000000,0x00000000827a7780,0x0000000084300000)
 Metaspace       used 53060K, committed 54272K, reserved 1114112K
  class space    used 5761K, committed 6272K, reserved 1048576K
}
Event: 46.113 GC heap after
{Heap after GC invocations=33 (full 2):
 PSYoungGen      total 24064K, used 1888K [0x00000000d5580000, 0x00000000d6f00000, 0x0000000100000000)
  eden space 22016K, 0% used [0x00000000d5580000,0x00000000d5580000,0x00000000d6b00000)
  from space 2048K, 92% used [0x00000000d6b80000,0x00000000d6d58000,0x00000000d6d80000)
  to   space 1536K, 0% used [0x00000000d6d80000,0x00000000d6d80000,0x00000000d6f00000)
 ParOldGen       total 68608K, used 42764K [0x0000000080000000, 0x0000000084300000, 0x00000000d5580000)
  object space 68608K, 62% used [0x0000000080000000,0x00000000829c3248,0x0000000084300000)
 Metaspace       used 53060K, committed 54272K, reserved 1114112K
  class space    used 5761K, committed 6272K, reserved 1048576K
}
Event: 46.305 GC heap before
{Heap before GC invocations=34 (full 2):
 PSYoungGen      total 24064K, used 23904K [0x00000000d5580000, 0x00000000d6f00000, 0x0000000100000000)
  eden space 22016K, 100% used [0x00000000d5580000,0x00000000d6b00000,0x00000000d6b00000)
  from space 2048K, 92% used [0x00000000d6b80000,0x00000000d6d58000,0x00000000d6d80000)
  to   space 1536K, 0% used [0x00000000d6d80000,0x00000000d6d80000,0x00000000d6f00000)
 ParOldGen       total 68608K, used 42764K [0x0000000080000000, 0x0000000084300000, 0x00000000d5580000)
  object space 68608K, 62% used [0x0000000080000000,0x00000000829c3248,0x0000000084300000)
 Metaspace       used 53092K, committed 54272K, reserved 1114112K
  class space    used 5761K, committed 6272K, reserved 1048576K
}
Event: 46.311 GC heap after
{Heap after GC invocations=34 (full 2):
 PSYoungGen      total 21504K, used 1504K [0x00000000d5580000, 0x00000000d7400000, 0x0000000100000000)
  eden space 19968K, 0% used [0x00000000d5580000,0x00000000d5580000,0x00000000d6900000)
  from space 1536K, 97% used [0x00000000d6d80000,0x00000000d6ef8010,0x00000000d6f00000)
  to   space 4608K, 0% used [0x00000000d6900000,0x00000000d6900000,0x00000000d6d80000)
 ParOldGen       total 68608K, used 45117K [0x0000000080000000, 0x0000000084300000, 0x00000000d5580000)
  object space 68608K, 65% used [0x0000000080000000,0x0000000082c0f448,0x0000000084300000)
 Metaspace       used 53092K, committed 54272K, reserved 1114112K
  class space    used 5761K, committed 6272K, reserved 1048576K
}
Event: 46.623 GC heap before
{Heap before GC invocations=35 (full 2):
 PSYoungGen      total 21504K, used 21472K [0x00000000d5580000, 0x00000000d7400000, 0x0000000100000000)
  eden space 19968K, 100% used [0x00000000d5580000,0x00000000d6900000,0x00000000d6900000)
  from space 1536K, 97% used [0x00000000d6d80000,0x00000000d6ef8010,0x00000000d6f00000)
  to   space 4608K, 0% used [0x00000000d6900000,0x00000000d6900000,0x00000000d6d80000)
 ParOldGen       total 68608K, used 45117K [0x0000000080000000, 0x0000000084300000, 0x00000000d5580000)
  object space 68608K, 65% used [0x0000000080000000,0x0000000082c0f448,0x0000000084300000)
 Metaspace       used 53653K, committed 54848K, reserved 1114112K
  class space    used 5796K, committed 6272K, reserved 1048576K
}
Event: 46.633 GC heap after
{Heap after GC invocations=35 (full 2):
 PSYoungGen      total 23552K, used 3400K [0x00000000d5580000, 0x00000000d7000000, 0x0000000100000000)
  eden space 19968K, 0% used [0x00000000d5580000,0x00000000d5580000,0x00000000d6900000)
  from space 3584K, 94% used [0x00000000d6900000,0x00000000d6c52138,0x00000000d6c80000)
  to   space 3584K, 0% used [0x00000000d6c80000,0x00000000d6c80000,0x00000000d7000000)
 ParOldGen       total 68608K, used 46637K [0x0000000080000000, 0x0000000084300000, 0x00000000d5580000)
  object space 68608K, 67% used [0x0000000080000000,0x0000000082d8b458,0x0000000084300000)
 Metaspace       used 53653K, committed 54848K, reserved 1114112K
  class space    used 5796K, committed 6272K, reserved 1048576K
}
Event: 47.352 GC heap before
{Heap before GC invocations=36 (full 2):
 PSYoungGen      total 23552K, used 23368K [0x00000000d5580000, 0x00000000d7000000, 0x0000000100000000)
  eden space 19968K, 100% used [0x00000000d5580000,0x00000000d6900000,0x00000000d6900000)
  from space 3584K, 94% used [0x00000000d6900000,0x00000000d6c52138,0x00000000d6c80000)
  to   space 3584K, 0% used [0x00000000d6c80000,0x00000000d6c80000,0x00000000d7000000)
 ParOldGen       total 68608K, used 46637K [0x0000000080000000, 0x0000000084300000, 0x00000000d5580000)
  object space 68608K, 67% used [0x0000000080000000,0x0000000082d8b458,0x0000000084300000)
 Metaspace       used 55615K, committed 56768K, reserved 1114112K
  class space    used 6034K, committed 6528K, reserved 1048576K
}
Event: 47.360 GC heap after
{Heap after GC invocations=36 (full 2):
 PSYoungGen      total 21504K, used 1080K [0x00000000d5580000, 0x00000000d6e00000, 0x0000000100000000)
  eden space 19968K, 0% used [0x00000000d5580000,0x00000000d5580000,0x00000000d6900000)
  from space 1536K, 70% used [0x00000000d6c80000,0x00000000d6d8e2e8,0x00000000d6e00000)
  to   space 2048K, 0% used [0x00000000d6a00000,0x00000000d6a00000,0x00000000d6c00000)
 ParOldGen       total 68608K, used 49961K [0x0000000080000000, 0x0000000084300000, 0x00000000d5580000)
  object space 68608K, 72% used [0x0000000080000000,0x00000000830ca478,0x0000000084300000)
 Metaspace       used 55615K, committed 56768K, reserved 1114112K
  class space    used 6034K, committed 6528K, reserved 1048576K
}
Event: 47.988 GC heap before
{Heap before GC invocations=37 (full 2):
 PSYoungGen      total 21504K, used 21048K [0x00000000d5580000, 0x00000000d6e00000, 0x0000000100000000)
  eden space 19968K, 100% used [0x00000000d5580000,0x00000000d6900000,0x00000000d6900000)
  from space 1536K, 70% used [0x00000000d6c80000,0x00000000d6d8e2e8,0x00000000d6e00000)
  to   space 2048K, 0% used [0x00000000d6a00000,0x00000000d6a00000,0x00000000d6c00000)
 ParOldGen       total 68608K, used 49961K [0x0000000080000000, 0x0000000084300000, 0x00000000d5580000)
  object space 68608K, 72% used [0x0000000080000000,0x00000000830ca478,0x0000000084300000)
 Metaspace       used 56661K, committed 57920K, reserved 1114112K
  class space    used 6146K, committed 6656K, reserved 1048576K
}
Event: 47.990 GC heap after
{Heap after GC invocations=37 (full 2):
 PSYoungGen      total 22016K, used 352K [0x00000000d5580000, 0x00000000d6d00000, 0x0000000100000000)
  eden space 19968K, 0% used [0x00000000d5580000,0x00000000d5580000,0x00000000d6900000)
  from space 2048K, 17% used [0x00000000d6a00000,0x00000000d6a58000,0x00000000d6c00000)
  to   space 1024K, 0% used [0x00000000d6c00000,0x00000000d6c00000,0x00000000d6d00000)
 ParOldGen       total 68608K, used 50958K [0x0000000080000000, 0x0000000084300000, 0x00000000d5580000)
  object space 68608K, 74% used [0x0000000080000000,0x00000000831c3b18,0x0000000084300000)
 Metaspace       used 56661K, committed 57920K, reserved 1114112K
  class space    used 6146K, committed 6656K, reserved 1048576K
}
Event: 48.239 GC heap before
{Heap before GC invocations=38 (full 2):
 PSYoungGen      total 22016K, used 20320K [0x00000000d5580000, 0x00000000d6d00000, 0x0000000100000000)
  eden space 19968K, 100% used [0x00000000d5580000,0x00000000d6900000,0x00000000d6900000)
  from space 2048K, 17% used [0x00000000d6a00000,0x00000000d6a58000,0x00000000d6c00000)
  to   space 1024K, 0% used [0x00000000d6c00000,0x00000000d6c00000,0x00000000d6d00000)
 ParOldGen       total 68608K, used 50958K [0x0000000080000000, 0x0000000084300000, 0x00000000d5580000)
  object space 68608K, 74% used [0x0000000080000000,0x00000000831c3b18,0x0000000084300000)
 Metaspace       used 57285K, committed 58496K, reserved 1114112K
  class space    used 6195K, committed 6720K, reserved 1048576K
}
Event: 48.245 GC heap after
{Heap after GC invocations=38 (full 2):
 PSYoungGen      total 20992K, used 1005K [0x00000000d5580000, 0x00000000d6d00000, 0x0000000100000000)
  eden space 19968K, 0% used [0x00000000d5580000,0x00000000d5580000,0x00000000d6900000)
  from space 1024K, 98% used [0x00000000d6c00000,0x00000000d6cfb738,0x00000000d6d00000)
  to   space 2048K, 0% used [0x00000000d6900000,0x00000000d6900000,0x00000000d6b00000)
 ParOldGen       total 68608K, used 51697K [0x0000000080000000, 0x0000000084300000, 0x00000000d5580000)
  object space 68608K, 75% used [0x0000000080000000,0x000000008327c608,0x0000000084300000)
 Metaspace       used 57285K, committed 58496K, reserved 1114112K
  class space    used 6195K, committed 6720K, reserved 1048576K
}
Event: 48.381 GC heap before
{Heap before GC invocations=39 (full 2):
 PSYoungGen      total 20992K, used 20973K [0x00000000d5580000, 0x00000000d6d00000, 0x0000000100000000)
  eden space 19968K, 100% used [0x00000000d5580000,0x00000000d6900000,0x00000000d6900000)
  from space 1024K, 98% used [0x00000000d6c00000,0x00000000d6cfb738,0x00000000d6d00000)
  to   space 2048K, 0% used [0x00000000d6900000,0x00000000d6900000,0x00000000d6b00000)
 ParOldGen       total 68608K, used 51697K [0x0000000080000000, 0x0000000084300000, 0x00000000d5580000)
  object space 68608K, 75% used [0x0000000080000000,0x000000008327c608,0x0000000084300000)
 Metaspace       used 57297K, committed 58496K, reserved 1114112K
  class space    used 6195K, committed 6720K, reserved 1048576K
}
Event: 48.385 GC heap after
{Heap after GC invocations=39 (full 2):
 PSYoungGen      total 22016K, used 958K [0x00000000d5580000, 0x00000000d6c80000, 0x0000000100000000)
  eden space 19968K, 0% used [0x00000000d5580000,0x00000000d5580000,0x00000000d6900000)
  from space 2048K, 46% used [0x00000000d6900000,0x00000000d69ef890,0x00000000d6b00000)
  to   space 1536K, 0% used [0x00000000d6b00000,0x00000000d6b00000,0x00000000d6c80000)
 ParOldGen       total 68608K, used 52719K [0x0000000080000000, 0x0000000084300000, 0x00000000d5580000)
  object space 68608K, 76% used [0x0000000080000000,0x000000008337bd40,0x0000000084300000)
 Metaspace       used 57297K, committed 58496K, reserved 1114112K
  class space    used 6195K, committed 6720K, reserved 1048576K
}
Event: 48.682 GC heap before
{Heap before GC invocations=40 (full 2):
 PSYoungGen      total 22016K, used 9659K [0x00000000d5580000, 0x00000000d6c80000, 0x0000000100000000)
  eden space 19968K, 43% used [0x00000000d5580000,0x00000000d5dff5d0,0x00000000d6900000)
  from space 2048K, 46% used [0x00000000d6900000,0x00000000d69ef890,0x00000000d6b00000)
  to   space 1536K, 0% used [0x00000000d6b00000,0x00000000d6b00000,0x00000000d6c80000)
 ParOldGen       total 68608K, used 52719K [0x0000000080000000, 0x0000000084300000, 0x00000000d5580000)
  object space 68608K, 76% used [0x0000000080000000,0x000000008337bd40,0x0000000084300000)
 Metaspace       used 58612K, committed 59776K, reserved 1114112K
  class space    used 6326K, committed 6848K, reserved 1048576K
}
Event: 48.683 GC heap after
{Heap after GC invocations=40 (full 2):
 PSYoungGen      total 20480K, used 320K [0x00000000d5580000, 0x00000000d6b80000, 0x0000000100000000)
  eden space 19968K, 0% used [0x00000000d5580000,0x00000000d5580000,0x00000000d6900000)
  from space 512K, 62% used [0x00000000d6b00000,0x00000000d6b50010,0x00000000d6b80000)
  to   space 1024K, 0% used [0x00000000d6980000,0x00000000d6980000,0x00000000d6a80000)
 ParOldGen       total 68608K, used 52799K [0x0000000080000000, 0x0000000084300000, 0x00000000d5580000)
  object space 68608K, 76% used [0x0000000080000000,0x000000008338fd40,0x0000000084300000)
 Metaspace       used 58612K, committed 59776K, reserved 1114112K
  class space    used 6326K, committed 6848K, reserved 1048576K
}
Event: 48.683 GC heap before
{Heap before GC invocations=41 (full 3):
 PSYoungGen      total 20480K, used 320K [0x00000000d5580000, 0x00000000d6b80000, 0x0000000100000000)
  eden space 19968K, 0% used [0x00000000d5580000,0x00000000d5580000,0x00000000d6900000)
  from space 512K, 62% used [0x00000000d6b00000,0x00000000d6b50010,0x00000000d6b80000)
  to   space 1024K, 0% used [0x00000000d6980000,0x00000000d6980000,0x00000000d6a80000)
 ParOldGen       total 68608K, used 52799K [0x0000000080000000, 0x0000000084300000, 0x00000000d5580000)
  object space 68608K, 76% used [0x0000000080000000,0x000000008338fd40,0x0000000084300000)
 Metaspace       used 58612K, committed 59776K, reserved 1114112K
  class space    used 6326K, committed 6848K, reserved 1048576K
}

